Построение начато 28.04.2025 13:22:20.
     1>Проект "E:\24vvv2\lab\main\main\main.vcxproj" в узле 2 (целевые объекты build).
     1>PrepareForBuild:
         Создание каталога "E:\24vvv2\lab\main\Debug\".
       InitializeBuildStatus:
         Создание "Debug\main.unsuccessfulbuild", так как было задано "AlwaysCreate".
       ClCompile:
         C:\Program Files\Microsoft Visual Studio 10.0\VC\bin\CL.exe /c /ZI /nologo /W3 /WX- /Od /Oy- /D WIN32 /D _DEBUG /D _CONSOLE /D _UNICODE /D UNICODE /Gm /EHsc /RTC1 /MDd /GS /fp:precise /Zc:wchar_t /Zc:forScope /Yc"StdAfx.h" /Fp"Debug\main.pch" /Fo"Debug\\" /Fd"Debug\vc100.pdb" /Gd /TP /analyze- /errorReport:prompt stdafx.cpp
         stdafx.cpp
         C:\Program Files\Microsoft Visual Studio 10.0\VC\bin\CL.exe /c /ZI /nologo /W3 /WX- /Od /Oy- /D WIN32 /D _DEBUG /D _CONSOLE /D _UNICODE /D UNICODE /Gm /EHsc /RTC1 /MDd /GS /fp:precise /Zc:wchar_t /Zc:forScope /Yu"StdAfx.h" /Fp"Debug\main.pch" /Fo"Debug\\" /Fd"Debug\vc100.pdb" /Gd /TP /analyze- /errorReport:prompt main.cpp
         main.cpp
     1>e:\24vvv2\lab\main\main\main.cpp(2): warning C4603: _STD_SECURE_NO_WARNINGS: макрос не определен или определение изменилось после использования предкомпилированного заголовка
                 Добавление макроопределения в предкомпилированный заголовок вместо определения его здесь
                 e:\24vvv2\lab\main\main\main.cpp(3): использование предкомпилированного заголовка
       ManifestResourceCompile:
         C:\Program Files\Microsoft SDKs\Windows\v7.0A\bin\rc.exe /nologo /fo"Debug\main.exe.embed.manifest.res" Debug\main_manifest.rc 
       Link:
         C:\Program Files\Microsoft Visual Studio 10.0\VC\bin\link.exe /ERRORREPORT:PROMPT /OUT:"E:\24vvv2\lab\main\Debug\main.exe" /INCREMENTAL /NOLOGO kernel32.lib user32.lib gdi32.lib winspool.lib comdlg32.lib advapi32.lib shell32.lib ole32.lib oleaut32.lib uuid.lib odbc32.lib odbccp32.lib /MANIFEST /ManifestFile:"Debug\main.exe.intermediate.manifest" /MANIFESTUAC:"level='asInvoker' uiAccess='false'" /DEBUG /PDB:"E:\24vvv2\lab\main\Debug\main.pdb" /SUBSYSTEM:CONSOLE /TLBID:1 /DYNAMICBASE /NXCOMPAT /IMPLIB:"E:\24vvv2\lab\main\Debug\main.lib" /MACHINE:X86 Debug\main.exe.embed.manifest.res
         Debug\main.obj
         Debug\stdafx.obj
       Manifest:
         C:\Program Files\Microsoft SDKs\Windows\v7.0A\bin\mt.exe /nologo /verbose /out:"Debug\main.exe.embed.manifest" /manifest Debug\main.exe.intermediate.manifest
         C:\Program Files\Microsoft SDKs\Windows\v7.0A\bin\rc.exe /nologo /fo"Debug\main.exe.embed.manifest.res" Debug\main_manifest.rc 
       LinkEmbedManifest:
         C:\Program Files\Microsoft Visual Studio 10.0\VC\bin\link.exe /ERRORREPORT:PROMPT /OUT:"E:\24vvv2\lab\main\Debug\main.exe" /INCREMENTAL /NOLOGO kernel32.lib user32.lib gdi32.lib winspool.lib comdlg32.lib advapi32.lib shell32.lib ole32.lib oleaut32.lib uuid.lib odbc32.lib odbccp32.lib /MANIFEST /ManifestFile:"Debug\main.exe.intermediate.manifest" /MANIFESTUAC:"level='asInvoker' uiAccess='false'" /DEBUG /PDB:"E:\24vvv2\lab\main\Debug\main.pdb" /SUBSYSTEM:CONSOLE /TLBID:1 /DYNAMICBASE /NXCOMPAT /IMPLIB:"E:\24vvv2\lab\main\Debug\main.lib" /MACHINE:X86 Debug\main.exe.embed.manifest.res
         Debug\main.obj
         Debug\stdafx.obj
         main.vcxproj -> E:\24vvv2\lab\main\Debug\main.exe
       FinalizeBuildStatus:
         Файл "Debug\main.unsuccessfulbuild" удаляется.
         Обращение к "Debug\main.lastbuildstate".
     1>Построение проекта "E:\24vvv2\lab\main\main\main.vcxproj" завершено (целевые объекты build).

Построение успешно завершено.

Затраченное время: 00:00:05.00
